#! /c/Source/iverilog-install/bin/vvp
:ivl_version "12.0 (devel)" "(s20150603-1539-g2693dd32b)";
:ivl_delay_selection "TYPICAL";
:vpi_time_precision - 12;
:vpi_module "C:\iverilog\lib\ivl\system.vpi";
:vpi_module "C:\iverilog\lib\ivl\vhdl_sys.vpi";
:vpi_module "C:\iverilog\lib\ivl\vhdl_textio.vpi";
:vpi_module "C:\iverilog\lib\ivl\v2005_math.vpi";
:vpi_module "C:\iverilog\lib\ivl\va_math.vpi";
S_0000021e205bb710 .scope module, "sevenseg_modded_tb" "sevenseg_modded_tb" 2 3;
 .timescale -9 -12;
v0000021e20488640_0 .net "an", 3 0, v0000021e205b6d50_0;  1 drivers
v0000021e204886e0_0 .var "clk", 0 0;
v0000021e20488780_0 .var "number", 3 0;
v0000021e20488820_0 .net "seg", 6 0, v0000021e205b66d0_0;  1 drivers
S_0000021e205bbba0 .scope module, "uut" "sevenseg_modded" 2 10, 3 1 0, S_0000021e205bb710;
 .timescale -9 -12;
    .port_info 0 /INPUT 1 "clk";
    .port_info 1 /INPUT 4 "number";
    .port_info 2 /OUTPUT 7 "seg";
    .port_info 3 /OUTPUT 4 "an";
v0000021e205b6d50_0 .var "an", 3 0;
v0000021e205b70e0_0 .net "clk", 0 0, v0000021e204886e0_0;  1 drivers
v0000021e205bbd30_0 .var "counter", 1 0;
v0000021e205bbdd0_0 .var "digit", 3 0;
v0000021e205bbe70_0 .net "number", 3 0, v0000021e20488780_0;  1 drivers
v0000021e205b66d0_0 .var "seg", 6 0;
E_0000021e20487b00 .event anyedge, v0000021e205bbdd0_0;
E_0000021e20487e80 .event posedge, v0000021e205b70e0_0;
    .scope S_0000021e205bbba0;
T_0 ;
    %pushi/vec4 42, 0, 7;
    %store/vec4 v0000021e205b66d0_0, 0, 7;
    %pushi/vec4 14, 0, 4;
    %store/vec4 v0000021e205b6d50_0, 0, 4;
    %pushi/vec4 0, 0, 2;
    %store/vec4 v0000021e205bbd30_0, 0, 2;
    %pushi/vec4 0, 0, 4;
    %store/vec4 v0000021e205bbdd0_0, 0, 4;
    %end;
    .thread T_0;
    .scope S_0000021e205bbba0;
T_1 ;
    %wait E_0000021e20487e80;
    %load/vec4 v0000021e205bbd30_0;
    %addi 1, 0, 2;
    %store/vec4 v0000021e205bbd30_0, 0, 2;
    %load/vec4 v0000021e205bbd30_0;
    %pad/u 32;
    %cmpi/e 0, 0, 32;
    %jmp/0xz  T_1.0, 4;
    %load/vec4 v0000021e205b6d50_0;
    %parti/s 1, 2, 3;
    %load/vec4 v0000021e205b6d50_0;
    %parti/s 1, 1, 2;
    %concat/vec4; draw_concat_vec4
    %load/vec4 v0000021e205b6d50_0;
    %parti/s 1, 0, 2;
    %concat/vec4; draw_concat_vec4
    %load/vec4 v0000021e205b6d50_0;
    %parti/s 1, 3, 3;
    %concat/vec4; draw_concat_vec4
    %store/vec4 v0000021e205b6d50_0, 0, 4;
T_1.0 ;
    %load/vec4 v0000021e205b6d50_0;
    %dup/vec4;
    %pushi/vec4 14, 0, 4;
    %cmp/u;
    %jmp/1 T_1.2, 6;
    %dup/vec4;
    %pushi/vec4 13, 0, 4;
    %cmp/u;
    %jmp/1 T_1.3, 6;
    %dup/vec4;
    %pushi/vec4 11, 0, 4;
    %cmp/u;
    %jmp/1 T_1.4, 6;
    %dup/vec4;
    %pushi/vec4 7, 0, 4;
    %cmp/u;
    %jmp/1 T_1.5, 6;
    %jmp T_1.6;
T_1.2 ;
    %load/vec4 v0000021e205bbe70_0;
    %parti/s 1, 0, 2;
    %pad/u 32;
    %cmpi/e 1, 0, 32;
    %jmp/0xz  T_1.7, 4;
    %pushi/vec4 1, 0, 4;
    %store/vec4 v0000021e205bbdd0_0, 0, 4;
T_1.7 ;
    %jmp T_1.6;
T_1.3 ;
    %load/vec4 v0000021e205bbe70_0;
    %parti/s 1, 1, 2;
    %pad/u 32;
    %cmpi/e 1, 0, 32;
    %jmp/0xz  T_1.9, 4;
    %pushi/vec4 2, 0, 4;
    %store/vec4 v0000021e205bbdd0_0, 0, 4;
T_1.9 ;
    %jmp T_1.6;
T_1.4 ;
    %load/vec4 v0000021e205bbe70_0;
    %parti/s 1, 2, 3;
    %pad/u 32;
    %cmpi/e 1, 0, 32;
    %jmp/0xz  T_1.11, 4;
    %pushi/vec4 4, 0, 4;
    %store/vec4 v0000021e205bbdd0_0, 0, 4;
T_1.11 ;
    %jmp T_1.6;
T_1.5 ;
    %load/vec4 v0000021e205bbe70_0;
    %parti/s 1, 3, 3;
    %pad/u 32;
    %cmpi/e 1, 0, 32;
    %jmp/0xz  T_1.13, 4;
    %pushi/vec4 8, 0, 4;
    %store/vec4 v0000021e205bbdd0_0, 0, 4;
T_1.13 ;
    %jmp T_1.6;
T_1.6 ;
    %pop/vec4 1;
    %jmp T_1;
    .thread T_1;
    .scope S_0000021e205bbba0;
T_2 ;
    %wait E_0000021e20487b00;
    %load/vec4 v0000021e205bbdd0_0;
    %dup/vec4;
    %pushi/vec4 0, 0, 4;
    %cmp/u;
    %jmp/1 T_2.0, 6;
    %dup/vec4;
    %pushi/vec4 8, 0, 4;
    %cmp/u;
    %jmp/1 T_2.1, 6;
    %dup/vec4;
    %pushi/vec4 4, 0, 4;
    %cmp/u;
    %jmp/1 T_2.2, 6;
    %dup/vec4;
    %pushi/vec4 2, 0, 4;
    %cmp/u;
    %jmp/1 T_2.3, 6;
    %dup/vec4;
    %pushi/vec4 1, 0, 4;
    %cmp/u;
    %jmp/1 T_2.4, 6;
    %pushi/vec4 64, 0, 7;
    %store/vec4 v0000021e205b66d0_0, 0, 7;
    %jmp T_2.6;
T_2.0 ;
    %pushi/vec4 64, 0, 7;
    %store/vec4 v0000021e205b66d0_0, 0, 7;
    %jmp T_2.6;
T_2.1 ;
    %pushi/vec4 71, 0, 7;
    %store/vec4 v0000021e205b66d0_0, 0, 7;
    %jmp T_2.6;
T_2.2 ;
    %pushi/vec4 70, 0, 7;
    %store/vec4 v0000021e205b66d0_0, 0, 7;
    %jmp T_2.6;
T_2.3 ;
    %pushi/vec4 47, 0, 7;
    %store/vec4 v0000021e205b66d0_0, 0, 7;
    %jmp T_2.6;
T_2.4 ;
    %pushi/vec4 35, 0, 7;
    %store/vec4 v0000021e205b66d0_0, 0, 7;
    %jmp T_2.6;
T_2.6 ;
    %pop/vec4 1;
    %jmp T_2;
    .thread T_2, $push;
    .scope S_0000021e205bb710;
T_3 ;
    %delay 5000, 0;
    %load/vec4 v0000021e204886e0_0;
    %inv;
    %store/vec4 v0000021e204886e0_0, 0, 1;
    %jmp T_3;
    .thread T_3;
    .scope S_0000021e205bb710;
T_4 ;
    %pushi/vec4 0, 0, 1;
    %store/vec4 v0000021e204886e0_0, 0, 1;
    %pushi/vec4 0, 0, 4;
    %store/vec4 v0000021e20488780_0, 0, 4;
    %vpi_call 2 26 "$dumpfile", "sevenseg_modded_tb.vcd" {0 0 0};
    %vpi_call 2 27 "$dumpvars", 32'sb00000000000000000000000000000000, S_0000021e205bb710 {0 0 0};
    %delay 20000, 0;
    %pushi/vec4 8, 0, 4;
    %store/vec4 v0000021e20488780_0, 0, 4;
    %delay 20000, 0;
    %pushi/vec4 4, 0, 4;
    %store/vec4 v0000021e20488780_0, 0, 4;
    %delay 20000, 0;
    %pushi/vec4 2, 0, 4;
    %store/vec4 v0000021e20488780_0, 0, 4;
    %delay 20000, 0;
    %pushi/vec4 1, 0, 4;
    %store/vec4 v0000021e20488780_0, 0, 4;
    %delay 20000, 0;
    %pushi/vec4 15, 0, 4;
    %store/vec4 v0000021e20488780_0, 0, 4;
    %delay 20000, 0;
    %pushi/vec4 0, 0, 4;
    %store/vec4 v0000021e20488780_0, 0, 4;
    %delay 50000, 0;
    %vpi_call 2 38 "$finish" {0 0 0};
    %end;
    .thread T_4;
    .scope S_0000021e205bb710;
T_5 ;
    %vpi_call 2 43 "$monitor", "Time = %0t | number = %b | an = %b | seg = %b", $time, v0000021e20488780_0, v0000021e20488640_0, v0000021e20488820_0 {0 0 0};
    %end;
    .thread T_5;
# The file index is used to find the file name in the following table.
:file_names 4;
    "N/A";
    "<interactive>";
    "Seven_Segment_Display_tb.v";
    "./Seven_Segment_Display.v";
